<?xml version="1.0" encoding="UTF-8"?>
<testsuite xmlns:xsi="http://www.w3.org/2001/XMLSchema-instance" xsi:noNamespaceSchemaLocation="https://maven.apache.org/surefire/maven-surefire-plugin/xsd/surefire-test-report.xsd" version="3.0.2" name="invoice.Invoices.resources.InvoiceServiceImplementationTest" time="1.644" tests="4" errors="0" skipped="0" failures="0">
  <properties>
    <property name="java.specification.version" value="21"/>
    <property name="sun.cpu.isalist" value="amd64"/>
    <property name="sun.jnu.encoding" value="Cp1252"/>
    <property name="java.class.path" value="C:\Users\amuda\Documents\workspace\Invoices\target\test-classes;C:\Users\amuda\Documents\workspace\Invoices\target\classes;C:\Users\amuda\.m2\repository\io\dropwizard\dropwizard-core\4.0.10\dropwizard-core-4.0.10.jar;C:\Users\amuda\.m2\repository\io\dropwizard\dropwizard-util\4.0.10\dropwizard-util-4.0.10.jar;C:\Users\amuda\.m2\repository\io\dropwizard\dropwizard-jackson\4.0.10\dropwizard-jackson-4.0.10.jar;C:\Users\amuda\.m2\repository\com\google\guava\guava\33.3.1-jre\guava-33.3.1-jre.jar;C:\Users\amuda\.m2\repository\com\google\guava\failureaccess\1.0.2\failureaccess-1.0.2.jar;C:\Users\amuda\.m2\repository\com\google\guava\listenablefuture\9999.0-empty-to-avoid-conflict-with-guava\listenablefuture-9999.0-empty-to-avoid-conflict-with-guava.jar;C:\Users\amuda\.m2\repository\com\google\j2objc\j2objc-annotations\3.0.0\j2objc-annotations-3.0.0.jar;C:\Users\amuda\.m2\repository\com\github\ben-manes\caffeine\caffeine\3.1.8\caffeine-3.1.8.jar;C:\Users\amuda\.m2\repository\com\fasterxml\jackson\core\jackson-core\2.17.2\jackson-core-2.17.2.jar;C:\Users\amuda\.m2\repository\com\fasterxml\jackson\datatype\jackson-datatype-guava\2.17.2\jackson-datatype-guava-2.17.2.jar;C:\Users\amuda\.m2\repository\com\fasterxml\jackson\datatype\jackson-datatype-jsr310\2.17.2\jackson-datatype-jsr310-2.17.2.jar;C:\Users\amuda\.m2\repository\com\fasterxml\jackson\datatype\jackson-datatype-jdk8\2.17.2\jackson-datatype-jdk8-2.17.2.jar;C:\Users\amuda\.m2\repository\com\fasterxml\jackson\module\jackson-module-parameter-names\2.17.2\jackson-module-parameter-names-2.17.2.jar;C:\Users\amuda\.m2\repository\com\fasterxml\jackson\module\jackson-module-blackbird\2.17.2\jackson-module-blackbird-2.17.2.jar;C:\Users\amuda\.m2\repository\io\dropwizard\dropwizard-validation\4.0.10\dropwizard-validation-4.0.10.jar;C:\Users\amuda\.m2\repository\org\glassfish\jakarta.el\4.0.2\jakarta.el-4.0.2.jar;C:\Users\amuda\.m2\repository\jakarta\el\jakarta.el-api\4.0.0\jakarta.el-api-4.0.0.jar;C:\Users\amuda\.m2\repository\io\dropwizard\dropwizard-configuration\4.0.10\dropwizard-configuration-4.0.10.jar;C:\Users\amuda\.m2\repository\com\fasterxml\jackson\dataformat\jackson-dataformat-yaml\2.17.2\jackson-dataformat-yaml-2.17.2.jar;C:\Users\amuda\.m2\repository\org\yaml\snakeyaml\2.2\snakeyaml-2.2.jar;C:\Users\amuda\.m2\repository\org\apache\commons\commons-text\1.12.0\commons-text-1.12.0.jar;C:\Users\amuda\.m2\repository\org\apache\commons\commons-lang3\3.17.0\commons-lang3-3.17.0.jar;C:\Users\amuda\.m2\repository\io\dropwizard\dropwizard-logging\4.0.10\dropwizard-logging-4.0.10.jar;C:\Users\amuda\.m2\repository\io\dropwizard\metrics\metrics-logback\4.2.28\metrics-logback-4.2.28.jar;C:\Users\amuda\.m2\repository\org\slf4j\jul-to-slf4j\2.0.16\jul-to-slf4j-2.0.16.jar;C:\Users\amuda\.m2\repository\ch\qos\logback\logback-core\1.4.14\logback-core-1.4.14.jar;C:\Users\amuda\.m2\repository\com\google\errorprone\error_prone_annotations\2.31.0\error_prone_annotations-2.31.0.jar;C:\Users\amuda\.m2\repository\io\dropwizard\logback\logback-throttling-appender\1.4.2\logback-throttling-appender-1.4.2.jar;C:\Users\amuda\.m2\repository\org\slf4j\log4j-over-slf4j\2.0.16\log4j-over-slf4j-2.0.16.jar;C:\Users\amuda\.m2\repository\org\slf4j\jcl-over-slf4j\2.0.16\jcl-over-slf4j-2.0.16.jar;C:\Users\amuda\.m2\repository\io\dropwizard\dropwizard-metrics\4.0.10\dropwizard-metrics-4.0.10.jar;C:\Users\amuda\.m2\repository\io\dropwizard\dropwizard-jersey\4.0.10\dropwizard-jersey-4.0.10.jar;C:\Users\amuda\.m2\repository\org\glassfish\jersey\ext\jersey-metainf-services\3.0.16\jersey-metainf-services-3.0.16.jar;C:\Users\amuda\.m2\repository\org\glassfish\jersey\inject\jersey-hk2\3.0.16\jersey-hk2-3.0.16.jar;C:\Users\amuda\.m2\repository\org\glassfish\hk2\hk2-locator\3.0.6\hk2-locator-3.0.6.jar;C:\Users\amuda\.m2\repository\org\javassist\javassist\3.30.2-GA\javassist-3.30.2-GA.jar;C:\Users\amuda\.m2\repository\io\dropwizard\metrics\metrics-jersey3\4.2.28\metrics-jersey3-4.2.28.jar;C:\Users\amuda\.m2\repository\jakarta\annotation\jakarta.annotation-api\2.0.0\jakarta.annotation-api-2.0.0.jar;C:\Users\amuda\.m2\repository\org\glassfish\hk2\hk2-api\3.0.6\hk2-api-3.0.6.jar;C:\Users\amuda\.m2\repository\org\glassfish\hk2\hk2-utils\3.0.6\hk2-utils-3.0.6.jar;C:\Users\amuda\.m2\repository\org\glassfish\hk2\external\aopalliance-repackaged\3.0.6\aopalliance-repackaged-3.0.6.jar;C:\Users\amuda\.m2\repository\org\glassfish\jersey\containers\jersey-container-servlet\3.0.16\jersey-container-servlet-3.0.16.jar;C:\Users\amuda\.m2\repository\org\eclipse\jetty\jetty-io\11.0.24\jetty-io-11.0.24.jar;C:\Users\amuda\.m2\repository\io\dropwizard\dropwizard-servlets\4.0.10\dropwizard-servlets-4.0.10.jar;C:\Users\amuda\.m2\repository\io\dropwizard\dropwizard-jetty\4.0.10\dropwizard-jetty-4.0.10.jar;C:\Users\amuda\.m2\repository\org\eclipse\jetty\jetty-servlets\11.0.24\jetty-servlets-11.0.24.jar;C:\Users\amuda\.m2\repository\org\eclipse\jetty\jetty-http\11.0.24\jetty-http-11.0.24.jar;C:\Users\amuda\.m2\repository\io\dropwizard\dropwizard-lifecycle\4.0.10\dropwizard-lifecycle-4.0.10.jar;C:\Users\amuda\.m2\repository\io\dropwizard\dropwizard-health\4.0.10\dropwizard-health-4.0.10.jar;C:\Users\amuda\.m2\repository\io\dropwizard\metrics\metrics-core\4.2.28\metrics-core-4.2.28.jar;C:\Users\amuda\.m2\repository\io\dropwizard\metrics\metrics-jetty11\4.2.28\metrics-jetty11-4.2.28.jar;C:\Users\amuda\.m2\repository\io\dropwizard\metrics\metrics-annotation\4.2.28\metrics-annotation-4.2.28.jar;C:\Users\amuda\.m2\repository\io\dropwizard\metrics\metrics-jvm\4.2.28\metrics-jvm-4.2.28.jar;C:\Users\amuda\.m2\repository\io\dropwizard\metrics\metrics-jmx\4.2.28\metrics-jmx-4.2.28.jar;C:\Users\amuda\.m2\repository\io\dropwizard\metrics\metrics-jakarta-servlets\4.2.28\metrics-jakarta-servlets-4.2.28.jar;C:\Users\amuda\.m2\repository\io\dropwizard\metrics\metrics-json\4.2.28\metrics-json-4.2.28.jar;C:\Users\amuda\.m2\repository\com\helger\profiler\1.1.1\profiler-1.1.1.jar;C:\Users\amuda\.m2\repository\io\dropwizard\metrics\metrics-healthchecks\4.2.28\metrics-healthchecks-4.2.28.jar;C:\Users\amuda\.m2\repository\io\dropwizard\dropwizard-request-logging\4.0.10\dropwizard-request-logging-4.0.10.jar;C:\Users\amuda\.m2\repository\ch\qos\logback\logback-access\1.4.14\logback-access-1.4.14.jar;C:\Users\amuda\.m2\repository\ch\qos\logback\logback-classic\1.4.14\logback-classic-1.4.14.jar;C:\Users\amuda\.m2\repository\com\fasterxml\jackson\core\jackson-databind\2.17.2\jackson-databind-2.17.2.jar;C:\Users\amuda\.m2\repository\org\checkerframework\checker-qual\3.48.1\checker-qual-3.48.1.jar;C:\Users\amuda\.m2\repository\jakarta\servlet\jakarta.servlet-api\5.0.0\jakarta.servlet-api-5.0.0.jar;C:\Users\amuda\.m2\repository\jakarta\ws\rs\jakarta.ws.rs-api\3.0.0\jakarta.ws.rs-api-3.0.0.jar;C:\Users\amuda\.m2\repository\net\sourceforge\argparse4j\argparse4j\0.9.0\argparse4j-0.9.0.jar;C:\Users\amuda\.m2\repository\org\eclipse\jetty\jetty-security\11.0.24\jetty-security-11.0.24.jar;C:\Users\amuda\.m2\repository\org\eclipse\jetty\jetty-server\11.0.24\jetty-server-11.0.24.jar;C:\Users\amuda\.m2\repository\org\eclipse\jetty\jetty-servlet\11.0.24\jetty-servlet-11.0.24.jar;C:\Users\amuda\.m2\repository\org\eclipse\jetty\jetty-util\11.0.24\jetty-util-11.0.24.jar;C:\Users\amuda\.m2\repository\org\eclipse\jetty\toolchain\setuid\jetty-setuid-java\1.0.4\jetty-setuid-java-1.0.4.jar;C:\Users\amuda\.m2\repository\jakarta\inject\jakarta.inject-api\2.0.1.MR\jakarta.inject-api-2.0.1.MR.jar;C:\Users\amuda\.m2\repository\org\glassfish\jersey\core\jersey-common\3.0.16\jersey-common-3.0.16.jar;C:\Users\amuda\.m2\repository\org\glassfish\hk2\osgi-resource-locator\1.0.3\osgi-resource-locator-1.0.3.jar;C:\Users\amuda\.m2\repository\org\glassfish\jersey\ext\jersey-bean-validation\3.0.16\jersey-bean-validation-3.0.16.jar;C:\Users\amuda\.m2\repository\org\slf4j\slf4j-api\2.0.16\slf4j-api-2.0.16.jar;C:\Users\amuda\.m2\repository\com\fasterxml\jackson\core\jackson-annotations\2.17.2\jackson-annotations-2.17.2.jar;C:\Users\amuda\.m2\repository\jakarta\validation\jakarta.validation-api\3.0.2\jakarta.validation-api-3.0.2.jar;C:\Users\amuda\.m2\repository\org\hibernate\validator\hibernate-validator\7.0.5.Final\hibernate-validator-7.0.5.Final.jar;C:\Users\amuda\.m2\repository\org\jboss\logging\jboss-logging\3.6.1.Final\jboss-logging-3.6.1.Final.jar;C:\Users\amuda\.m2\repository\com\fasterxml\classmate\1.7.0\classmate-1.7.0.jar;C:\Users\amuda\.m2\repository\org\dalesbred\dalesbred\1.3.6\dalesbred-1.3.6.jar;C:\Users\amuda\.m2\repository\org\jetbrains\kotlin\kotlin-stdlib\1.9.23\kotlin-stdlib-1.9.23.jar;C:\Users\amuda\.m2\repository\org\postgresql\postgresql\42.2.11\postgresql-42.2.11.jar;C:\Users\amuda\.m2\repository\io\dropwizard\dropwizard-db\4.0.10\dropwizard-db-4.0.10.jar;C:\Users\amuda\.m2\repository\org\apache\tomcat\tomcat-jdbc\10.1.31\tomcat-jdbc-10.1.31.jar;C:\Users\amuda\.m2\repository\org\apache\tomcat\tomcat-juli\10.1.31\tomcat-juli-10.1.31.jar;C:\Users\amuda\.m2\repository\org\dalesbred\dalesbred-junit\1.3.6\dalesbred-junit-1.3.6.jar;C:\Users\amuda\.m2\repository\javax\inject\javax.inject\1\javax.inject-1.jar;C:\Users\amuda\.m2\repository\org\jetbrains\annotations\22.0.0\annotations-22.0.0.jar;C:\Users\amuda\.m2\repository\io\dropwizard\dropwizard-testing\4.0.10\dropwizard-testing-4.0.10.jar;C:\Users\amuda\.m2\repository\com\fasterxml\jackson\jakarta\rs\jackson-jakarta-rs-json-provider\2.17.2\jackson-jakarta-rs-json-provider-2.17.2.jar;C:\Users\amuda\.m2\repository\com\fasterxml\jackson\jakarta\rs\jackson-jakarta-rs-base\2.17.2\jackson-jakarta-rs-base-2.17.2.jar;C:\Users\amuda\.m2\repository\com\fasterxml\jackson\module\jackson-module-jakarta-xmlbind-annotations\2.17.2\jackson-module-jakarta-xmlbind-annotations-2.17.2.jar;C:\Users\amuda\.m2\repository\org\glassfish\jersey\containers\jersey-container-servlet-core\3.0.16\jersey-container-servlet-core-3.0.16.jar;C:\Users\amuda\.m2\repository\org\glassfish\jersey\connectors\jersey-apache5-connector\3.0.16\jersey-apache5-connector-3.0.16.jar;C:\Users\amuda\.m2\repository\org\apache\httpcomponents\client5\httpclient5\5.4\httpclient5-5.4.jar;C:\Users\amuda\.m2\repository\org\apache\httpcomponents\core5\httpcore5-h2\5.3\httpcore5-h2-5.3.jar;C:\Users\amuda\.m2\repository\org\apache\httpcomponents\core5\httpcore5\5.3\httpcore5-5.3.jar;C:\Users\amuda\.m2\repository\org\glassfish\jersey\core\jersey-client\3.0.16\jersey-client-3.0.16.jar;C:\Users\amuda\.m2\repository\org\glassfish\jersey\core\jersey-server\3.0.16\jersey-server-3.0.16.jar;C:\Users\amuda\.m2\repository\org\glassfish\jersey\test-framework\jersey-test-framework-core\3.0.16\jersey-test-framework-core-3.0.16.jar;C:\Users\amuda\.m2\repository\org\glassfish\jersey\media\jersey-media-jaxb\3.0.16\jersey-media-jaxb-3.0.16.jar;C:\Users\amuda\.m2\repository\org\junit\jupiter\junit-jupiter\5.11.3\junit-jupiter-5.11.3.jar;C:\Users\amuda\.m2\repository\org\junit\jupiter\junit-jupiter-api\5.11.3\junit-jupiter-api-5.11.3.jar;C:\Users\amuda\.m2\repository\org\opentest4j\opentest4j\1.3.0\opentest4j-1.3.0.jar;C:\Users\amuda\.m2\repository\org\junit\platform\junit-platform-commons\1.11.3\junit-platform-commons-1.11.3.jar;C:\Users\amuda\.m2\repository\org\apiguardian\apiguardian-api\1.1.2\apiguardian-api-1.1.2.jar;C:\Users\amuda\.m2\repository\org\junit\jupiter\junit-jupiter-params\5.11.3\junit-jupiter-params-5.11.3.jar;C:\Users\amuda\.m2\repository\org\junit\jupiter\junit-jupiter-engine\5.11.3\junit-jupiter-engine-5.11.3.jar;C:\Users\amuda\.m2\repository\org\hamcrest\hamcrest\3.0\hamcrest-3.0.jar;C:\Users\amuda\.m2\repository\org\glassfish\jersey\test-framework\providers\jersey-test-framework-provider-inmemory\3.0.16\jersey-test-framework-provider-inmemory-3.0.16.jar;C:\Users\amuda\.m2\repository\jakarta\activation\jakarta.activation-api\2.0.1\jakarta.activation-api-2.0.1.jar;C:\Users\amuda\.m2\repository\jakarta\xml\bind\jakarta.xml.bind-api\3.0.1\jakarta.xml.bind-api-3.0.1.jar;C:\Users\amuda\.m2\repository\com\sun\activation\jakarta.activation\2.0.1\jakarta.activation-2.0.1.jar;C:\Users\amuda\.m2\repository\junit\junit\4.13.2\junit-4.13.2.jar;C:\Users\amuda\.m2\repository\org\hamcrest\hamcrest-core\1.3\hamcrest-core-1.3.jar;C:\Users\amuda\.m2\repository\org\assertj\assertj-core\3.26.3\assertj-core-3.26.3.jar;C:\Users\amuda\.m2\repository\net\bytebuddy\byte-buddy\1.15.5\byte-buddy-1.15.5.jar;C:\Users\amuda\.m2\repository\org\projectlombok\lombok\1.18.32\lombok-1.18.32.jar;"/>
    <property name="java.vm.vendor" value="Eclipse Adoptium"/>
    <property name="sun.arch.data.model" value="64"/>
    <property name="user.variant" value=""/>
    <property name="java.vendor.url" value="https://adoptium.net/"/>
    <property name="user.timezone" value="Asia/Calcutta"/>
    <property name="os.name" value="Windows 11"/>
    <property name="java.vm.specification.version" value="21"/>
    <property name="sun.java.launcher" value="SUN_STANDARD"/>
    <property name="user.country" value="IN"/>
    <property name="sun.boot.library.path" value="C:\Users\amuda\Downloads\sts\sts-4.25.0.RELEASE\plugins\org.eclipse.justj.openjdk.hotspot.jre.full.win32.x86_64_21.0.4.v20240802-1551\jre\bin"/>
    <property name="sun.java.command" value="C:\Users\amuda\AppData\Local\Temp\surefire11492454400496712500\surefirebooter-20250110170337134_3.jar C:\Users\amuda\AppData\Local\Temp\surefire11492454400496712500 2025-01-10T17-03-37_026-jvmRun1 surefire-20250110170337134_1tmp surefire_0-20250110170337134_2tmp"/>
    <property name="jdk.debug" value="release"/>
    <property name="surefire.test.class.path" value="C:\Users\amuda\Documents\workspace\Invoices\target\test-classes;C:\Users\amuda\Documents\workspace\Invoices\target\classes;C:\Users\amuda\.m2\repository\io\dropwizard\dropwizard-core\4.0.10\dropwizard-core-4.0.10.jar;C:\Users\amuda\.m2\repository\io\dropwizard\dropwizard-util\4.0.10\dropwizard-util-4.0.10.jar;C:\Users\amuda\.m2\repository\io\dropwizard\dropwizard-jackson\4.0.10\dropwizard-jackson-4.0.10.jar;C:\Users\amuda\.m2\repository\com\google\guava\guava\33.3.1-jre\guava-33.3.1-jre.jar;C:\Users\amuda\.m2\repository\com\google\guava\failureaccess\1.0.2\failureaccess-1.0.2.jar;C:\Users\amuda\.m2\repository\com\google\guava\listenablefuture\9999.0-empty-to-avoid-conflict-with-guava\listenablefuture-9999.0-empty-to-avoid-conflict-with-guava.jar;C:\Users\amuda\.m2\repository\com\google\j2objc\j2objc-annotations\3.0.0\j2objc-annotations-3.0.0.jar;C:\Users\amuda\.m2\repository\com\github\ben-manes\caffeine\caffeine\3.1.8\caffeine-3.1.8.jar;C:\Users\amuda\.m2\repository\com\fasterxml\jackson\core\jackson-core\2.17.2\jackson-core-2.17.2.jar;C:\Users\amuda\.m2\repository\com\fasterxml\jackson\datatype\jackson-datatype-guava\2.17.2\jackson-datatype-guava-2.17.2.jar;C:\Users\amuda\.m2\repository\com\fasterxml\jackson\datatype\jackson-datatype-jsr310\2.17.2\jackson-datatype-jsr310-2.17.2.jar;C:\Users\amuda\.m2\repository\com\fasterxml\jackson\datatype\jackson-datatype-jdk8\2.17.2\jackson-datatype-jdk8-2.17.2.jar;C:\Users\amuda\.m2\repository\com\fasterxml\jackson\module\jackson-module-parameter-names\2.17.2\jackson-module-parameter-names-2.17.2.jar;C:\Users\amuda\.m2\repository\com\fasterxml\jackson\module\jackson-module-blackbird\2.17.2\jackson-module-blackbird-2.17.2.jar;C:\Users\amuda\.m2\repository\io\dropwizard\dropwizard-validation\4.0.10\dropwizard-validation-4.0.10.jar;C:\Users\amuda\.m2\repository\org\glassfish\jakarta.el\4.0.2\jakarta.el-4.0.2.jar;C:\Users\amuda\.m2\repository\jakarta\el\jakarta.el-api\4.0.0\jakarta.el-api-4.0.0.jar;C:\Users\amuda\.m2\repository\io\dropwizard\dropwizard-configuration\4.0.10\dropwizard-configuration-4.0.10.jar;C:\Users\amuda\.m2\repository\com\fasterxml\jackson\dataformat\jackson-dataformat-yaml\2.17.2\jackson-dataformat-yaml-2.17.2.jar;C:\Users\amuda\.m2\repository\org\yaml\snakeyaml\2.2\snakeyaml-2.2.jar;C:\Users\amuda\.m2\repository\org\apache\commons\commons-text\1.12.0\commons-text-1.12.0.jar;C:\Users\amuda\.m2\repository\org\apache\commons\commons-lang3\3.17.0\commons-lang3-3.17.0.jar;C:\Users\amuda\.m2\repository\io\dropwizard\dropwizard-logging\4.0.10\dropwizard-logging-4.0.10.jar;C:\Users\amuda\.m2\repository\io\dropwizard\metrics\metrics-logback\4.2.28\metrics-logback-4.2.28.jar;C:\Users\amuda\.m2\repository\org\slf4j\jul-to-slf4j\2.0.16\jul-to-slf4j-2.0.16.jar;C:\Users\amuda\.m2\repository\ch\qos\logback\logback-core\1.4.14\logback-core-1.4.14.jar;C:\Users\amuda\.m2\repository\com\google\errorprone\error_prone_annotations\2.31.0\error_prone_annotations-2.31.0.jar;C:\Users\amuda\.m2\repository\io\dropwizard\logback\logback-throttling-appender\1.4.2\logback-throttling-appender-1.4.2.jar;C:\Users\amuda\.m2\repository\org\slf4j\log4j-over-slf4j\2.0.16\log4j-over-slf4j-2.0.16.jar;C:\Users\amuda\.m2\repository\org\slf4j\jcl-over-slf4j\2.0.16\jcl-over-slf4j-2.0.16.jar;C:\Users\amuda\.m2\repository\io\dropwizard\dropwizard-metrics\4.0.10\dropwizard-metrics-4.0.10.jar;C:\Users\amuda\.m2\repository\io\dropwizard\dropwizard-jersey\4.0.10\dropwizard-jersey-4.0.10.jar;C:\Users\amuda\.m2\repository\org\glassfish\jersey\ext\jersey-metainf-services\3.0.16\jersey-metainf-services-3.0.16.jar;C:\Users\amuda\.m2\repository\org\glassfish\jersey\inject\jersey-hk2\3.0.16\jersey-hk2-3.0.16.jar;C:\Users\amuda\.m2\repository\org\glassfish\hk2\hk2-locator\3.0.6\hk2-locator-3.0.6.jar;C:\Users\amuda\.m2\repository\org\javassist\javassist\3.30.2-GA\javassist-3.30.2-GA.jar;C:\Users\amuda\.m2\repository\io\dropwizard\metrics\metrics-jersey3\4.2.28\metrics-jersey3-4.2.28.jar;C:\Users\amuda\.m2\repository\jakarta\annotation\jakarta.annotation-api\2.0.0\jakarta.annotation-api-2.0.0.jar;C:\Users\amuda\.m2\repository\org\glassfish\hk2\hk2-api\3.0.6\hk2-api-3.0.6.jar;C:\Users\amuda\.m2\repository\org\glassfish\hk2\hk2-utils\3.0.6\hk2-utils-3.0.6.jar;C:\Users\amuda\.m2\repository\org\glassfish\hk2\external\aopalliance-repackaged\3.0.6\aopalliance-repackaged-3.0.6.jar;C:\Users\amuda\.m2\repository\org\glassfish\jersey\containers\jersey-container-servlet\3.0.16\jersey-container-servlet-3.0.16.jar;C:\Users\amuda\.m2\repository\org\eclipse\jetty\jetty-io\11.0.24\jetty-io-11.0.24.jar;C:\Users\amuda\.m2\repository\io\dropwizard\dropwizard-servlets\4.0.10\dropwizard-servlets-4.0.10.jar;C:\Users\amuda\.m2\repository\io\dropwizard\dropwizard-jetty\4.0.10\dropwizard-jetty-4.0.10.jar;C:\Users\amuda\.m2\repository\org\eclipse\jetty\jetty-servlets\11.0.24\jetty-servlets-11.0.24.jar;C:\Users\amuda\.m2\repository\org\eclipse\jetty\jetty-http\11.0.24\jetty-http-11.0.24.jar;C:\Users\amuda\.m2\repository\io\dropwizard\dropwizard-lifecycle\4.0.10\dropwizard-lifecycle-4.0.10.jar;C:\Users\amuda\.m2\repository\io\dropwizard\dropwizard-health\4.0.10\dropwizard-health-4.0.10.jar;C:\Users\amuda\.m2\repository\io\dropwizard\metrics\metrics-core\4.2.28\metrics-core-4.2.28.jar;C:\Users\amuda\.m2\repository\io\dropwizard\metrics\metrics-jetty11\4.2.28\metrics-jetty11-4.2.28.jar;C:\Users\amuda\.m2\repository\io\dropwizard\metrics\metrics-annotation\4.2.28\metrics-annotation-4.2.28.jar;C:\Users\amuda\.m2\repository\io\dropwizard\metrics\metrics-jvm\4.2.28\metrics-jvm-4.2.28.jar;C:\Users\amuda\.m2\repository\io\dropwizard\metrics\metrics-jmx\4.2.28\metrics-jmx-4.2.28.jar;C:\Users\amuda\.m2\repository\io\dropwizard\metrics\metrics-jakarta-servlets\4.2.28\metrics-jakarta-servlets-4.2.28.jar;C:\Users\amuda\.m2\repository\io\dropwizard\metrics\metrics-json\4.2.28\metrics-json-4.2.28.jar;C:\Users\amuda\.m2\repository\com\helger\profiler\1.1.1\profiler-1.1.1.jar;C:\Users\amuda\.m2\repository\io\dropwizard\metrics\metrics-healthchecks\4.2.28\metrics-healthchecks-4.2.28.jar;C:\Users\amuda\.m2\repository\io\dropwizard\dropwizard-request-logging\4.0.10\dropwizard-request-logging-4.0.10.jar;C:\Users\amuda\.m2\repository\ch\qos\logback\logback-access\1.4.14\logback-access-1.4.14.jar;C:\Users\amuda\.m2\repository\ch\qos\logback\logback-classic\1.4.14\logback-classic-1.4.14.jar;C:\Users\amuda\.m2\repository\com\fasterxml\jackson\core\jackson-databind\2.17.2\jackson-databind-2.17.2.jar;C:\Users\amuda\.m2\repository\org\checkerframework\checker-qual\3.48.1\checker-qual-3.48.1.jar;C:\Users\amuda\.m2\repository\jakarta\servlet\jakarta.servlet-api\5.0.0\jakarta.servlet-api-5.0.0.jar;C:\Users\amuda\.m2\repository\jakarta\ws\rs\jakarta.ws.rs-api\3.0.0\jakarta.ws.rs-api-3.0.0.jar;C:\Users\amuda\.m2\repository\net\sourceforge\argparse4j\argparse4j\0.9.0\argparse4j-0.9.0.jar;C:\Users\amuda\.m2\repository\org\eclipse\jetty\jetty-security\11.0.24\jetty-security-11.0.24.jar;C:\Users\amuda\.m2\repository\org\eclipse\jetty\jetty-server\11.0.24\jetty-server-11.0.24.jar;C:\Users\amuda\.m2\repository\org\eclipse\jetty\jetty-servlet\11.0.24\jetty-servlet-11.0.24.jar;C:\Users\amuda\.m2\repository\org\eclipse\jetty\jetty-util\11.0.24\jetty-util-11.0.24.jar;C:\Users\amuda\.m2\repository\org\eclipse\jetty\toolchain\setuid\jetty-setuid-java\1.0.4\jetty-setuid-java-1.0.4.jar;C:\Users\amuda\.m2\repository\jakarta\inject\jakarta.inject-api\2.0.1.MR\jakarta.inject-api-2.0.1.MR.jar;C:\Users\amuda\.m2\repository\org\glassfish\jersey\core\jersey-common\3.0.16\jersey-common-3.0.16.jar;C:\Users\amuda\.m2\repository\org\glassfish\hk2\osgi-resource-locator\1.0.3\osgi-resource-locator-1.0.3.jar;C:\Users\amuda\.m2\repository\org\glassfish\jersey\ext\jersey-bean-validation\3.0.16\jersey-bean-validation-3.0.16.jar;C:\Users\amuda\.m2\repository\org\slf4j\slf4j-api\2.0.16\slf4j-api-2.0.16.jar;C:\Users\amuda\.m2\repository\com\fasterxml\jackson\core\jackson-annotations\2.17.2\jackson-annotations-2.17.2.jar;C:\Users\amuda\.m2\repository\jakarta\validation\jakarta.validation-api\3.0.2\jakarta.validation-api-3.0.2.jar;C:\Users\amuda\.m2\repository\org\hibernate\validator\hibernate-validator\7.0.5.Final\hibernate-validator-7.0.5.Final.jar;C:\Users\amuda\.m2\repository\org\jboss\logging\jboss-logging\3.6.1.Final\jboss-logging-3.6.1.Final.jar;C:\Users\amuda\.m2\repository\com\fasterxml\classmate\1.7.0\classmate-1.7.0.jar;C:\Users\amuda\.m2\repository\org\dalesbred\dalesbred\1.3.6\dalesbred-1.3.6.jar;C:\Users\amuda\.m2\repository\org\jetbrains\kotlin\kotlin-stdlib\1.9.23\kotlin-stdlib-1.9.23.jar;C:\Users\amuda\.m2\repository\org\postgresql\postgresql\42.2.11\postgresql-42.2.11.jar;C:\Users\amuda\.m2\repository\io\dropwizard\dropwizard-db\4.0.10\dropwizard-db-4.0.10.jar;C:\Users\amuda\.m2\repository\org\apache\tomcat\tomcat-jdbc\10.1.31\tomcat-jdbc-10.1.31.jar;C:\Users\amuda\.m2\repository\org\apache\tomcat\tomcat-juli\10.1.31\tomcat-juli-10.1.31.jar;C:\Users\amuda\.m2\repository\org\dalesbred\dalesbred-junit\1.3.6\dalesbred-junit-1.3.6.jar;C:\Users\amuda\.m2\repository\javax\inject\javax.inject\1\javax.inject-1.jar;C:\Users\amuda\.m2\repository\org\jetbrains\annotations\22.0.0\annotations-22.0.0.jar;C:\Users\amuda\.m2\repository\io\dropwizard\dropwizard-testing\4.0.10\dropwizard-testing-4.0.10.jar;C:\Users\amuda\.m2\repository\com\fasterxml\jackson\jakarta\rs\jackson-jakarta-rs-json-provider\2.17.2\jackson-jakarta-rs-json-provider-2.17.2.jar;C:\Users\amuda\.m2\repository\com\fasterxml\jackson\jakarta\rs\jackson-jakarta-rs-base\2.17.2\jackson-jakarta-rs-base-2.17.2.jar;C:\Users\amuda\.m2\repository\com\fasterxml\jackson\module\jackson-module-jakarta-xmlbind-annotations\2.17.2\jackson-module-jakarta-xmlbind-annotations-2.17.2.jar;C:\Users\amuda\.m2\repository\org\glassfish\jersey\containers\jersey-container-servlet-core\3.0.16\jersey-container-servlet-core-3.0.16.jar;C:\Users\amuda\.m2\repository\org\glassfish\jersey\connectors\jersey-apache5-connector\3.0.16\jersey-apache5-connector-3.0.16.jar;C:\Users\amuda\.m2\repository\org\apache\httpcomponents\client5\httpclient5\5.4\httpclient5-5.4.jar;C:\Users\amuda\.m2\repository\org\apache\httpcomponents\core5\httpcore5-h2\5.3\httpcore5-h2-5.3.jar;C:\Users\amuda\.m2\repository\org\apache\httpcomponents\core5\httpcore5\5.3\httpcore5-5.3.jar;C:\Users\amuda\.m2\repository\org\glassfish\jersey\core\jersey-client\3.0.16\jersey-client-3.0.16.jar;C:\Users\amuda\.m2\repository\org\glassfish\jersey\core\jersey-server\3.0.16\jersey-server-3.0.16.jar;C:\Users\amuda\.m2\repository\org\glassfish\jersey\test-framework\jersey-test-framework-core\3.0.16\jersey-test-framework-core-3.0.16.jar;C:\Users\amuda\.m2\repository\org\glassfish\jersey\media\jersey-media-jaxb\3.0.16\jersey-media-jaxb-3.0.16.jar;C:\Users\amuda\.m2\repository\org\junit\jupiter\junit-jupiter\5.11.3\junit-jupiter-5.11.3.jar;C:\Users\amuda\.m2\repository\org\junit\jupiter\junit-jupiter-api\5.11.3\junit-jupiter-api-5.11.3.jar;C:\Users\amuda\.m2\repository\org\opentest4j\opentest4j\1.3.0\opentest4j-1.3.0.jar;C:\Users\amuda\.m2\repository\org\junit\platform\junit-platform-commons\1.11.3\junit-platform-commons-1.11.3.jar;C:\Users\amuda\.m2\repository\org\apiguardian\apiguardian-api\1.1.2\apiguardian-api-1.1.2.jar;C:\Users\amuda\.m2\repository\org\junit\jupiter\junit-jupiter-params\5.11.3\junit-jupiter-params-5.11.3.jar;C:\Users\amuda\.m2\repository\org\junit\jupiter\junit-jupiter-engine\5.11.3\junit-jupiter-engine-5.11.3.jar;C:\Users\amuda\.m2\repository\org\hamcrest\hamcrest\3.0\hamcrest-3.0.jar;C:\Users\amuda\.m2\repository\org\glassfish\jersey\test-framework\providers\jersey-test-framework-provider-inmemory\3.0.16\jersey-test-framework-provider-inmemory-3.0.16.jar;C:\Users\amuda\.m2\repository\jakarta\activation\jakarta.activation-api\2.0.1\jakarta.activation-api-2.0.1.jar;C:\Users\amuda\.m2\repository\jakarta\xml\bind\jakarta.xml.bind-api\3.0.1\jakarta.xml.bind-api-3.0.1.jar;C:\Users\amuda\.m2\repository\com\sun\activation\jakarta.activation\2.0.1\jakarta.activation-2.0.1.jar;C:\Users\amuda\.m2\repository\junit\junit\4.13.2\junit-4.13.2.jar;C:\Users\amuda\.m2\repository\org\hamcrest\hamcrest-core\1.3\hamcrest-core-1.3.jar;C:\Users\amuda\.m2\repository\org\assertj\assertj-core\3.26.3\assertj-core-3.26.3.jar;C:\Users\amuda\.m2\repository\net\bytebuddy\byte-buddy\1.15.5\byte-buddy-1.15.5.jar;C:\Users\amuda\.m2\repository\org\projectlombok\lombok\1.18.32\lombok-1.18.32.jar;"/>
    <property name="sun.cpu.endian" value="little"/>
    <property name="user.home" value="C:\Users\amuda"/>
    <property name="user.language" value="en"/>
    <property name="java.specification.vendor" value="Oracle Corporation"/>
    <property name="java.version.date" value="2024-07-16"/>
    <property name="java.home" value="C:\Users\amuda\Downloads\sts\sts-4.25.0.RELEASE\plugins\org.eclipse.justj.openjdk.hotspot.jre.full.win32.x86_64_21.0.4.v20240802-1551\jre"/>
    <property name="file.separator" value="\"/>
    <property name="basedir" value="C:\Users\amuda\Documents\workspace\Invoices"/>
    <property name="java.vm.compressedOopsMode" value="Zero based"/>
    <property name="line.separator" value="&#10;"/>
    <property name="java.vm.specification.vendor" value="Oracle Corporation"/>
    <property name="java.specification.name" value="Java Platform API Specification"/>
    <property name="surefire.real.class.path" value="C:\Users\amuda\AppData\Local\Temp\surefire11492454400496712500\surefirebooter-20250110170337134_3.jar"/>
    <property name="user.script" value=""/>
    <property name="sun.management.compiler" value="HotSpot 64-Bit Tiered Compilers"/>
    <property name="java.runtime.version" value="21.0.4+7-LTS"/>
    <property name="user.name" value="amuda"/>
    <property name="stdout.encoding" value="Cp1252"/>
    <property name="path.separator" value=";"/>
    <property name="os.version" value="10.0"/>
    <property name="java.runtime.name" value="OpenJDK Runtime Environment"/>
    <property name="file.encoding" value="UTF-8"/>
    <property name="java.vm.name" value="OpenJDK 64-Bit Server VM"/>
    <property name="java.vendor.version" value="Temurin-21.0.4+7"/>
    <property name="localRepository" value="C:\Users\amuda\.m2\repository"/>
    <property name="java.vendor.url.bug" value="https://github.com/adoptium/adoptium-support/issues"/>
    <property name="java.io.tmpdir" value="C:\Users\amuda\AppData\Local\Temp\"/>
    <property name="java.version" value="21.0.4"/>
    <property name="user.dir" value="C:\Users\amuda\Documents\workspace\Invoices"/>
    <property name="os.arch" value="amd64"/>
    <property name="java.vm.specification.name" value="Java Virtual Machine Specification"/>
    <property name="sun.os.patch.level" value=""/>
    <property name="native.encoding" value="Cp1252"/>
    <property name="java.library.path" value="C:\Users\amuda\Downloads\sts\sts-4.25.0.RELEASE\plugins\org.eclipse.justj.openjdk.hotspot.jre.full.win32.x86_64_21.0.4.v20240802-1551\jre\bin;C:\Windows\Sun\Java\bin;C:\Windows\system32;C:\Windows;C:/Users/amuda/Downloads/sts/sts-4.25.0.RELEASE//plugins/org.eclipse.justj.openjdk.hotspot.jre.full.win32.x86_64_21.0.4.v20240802-1551/jre/bin/server;C:/Users/amuda/Downloads/sts/sts-4.25.0.RELEASE//plugins/org.eclipse.justj.openjdk.hotspot.jre.full.win32.x86_64_21.0.4.v20240802-1551/jre/bin;C:\Program Files\Common Files\Oracle\Java\javapath;C:\Python312\Scripts\;C:\Python312\;C:\Windows\system32;C:\Windows;C:\Windows\System32\Wbem;C:\Windows\System32\WindowsPowerShell\v1.0\;C:\Windows\System32\OpenSSH\;C:\Program Files\WindowsPowerShell\Scripts;C:\Program Files (x86)\dotnet-core-uninstall\;C:\ProgramData\chocolatey\bin;C:\Program Files\MongoDB\Server\8.0\bin;C:\Program Files\Docker\Docker\resources\bin;C:\Program Files\nodejs\;C:\Program Files\Git\cmd;C:\Users\amuda\AppData\Local\Microsoft\WindowsApps;C:\Users\amuda\AppData\Local\Programs\Microsoft VS Code\bin;C:\Users\amuda\AppData\Roaming\npm;C:\Users\amuda\AppData\Local\GitHubDesktop\bin;C:\Users\amuda\Downloads\apache-maven-3.9.9-bin\apache-maven-3.9.9\bin;C:\Program Files\mongosh\;C:\Users\amuda\Downloads\sts\sts-4.25.0.RELEASE;;."/>
    <property name="java.vm.info" value="mixed mode"/>
    <property name="stderr.encoding" value="Cp1252"/>
    <property name="java.vendor" value="Eclipse Adoptium"/>
    <property name="java.vm.version" value="21.0.4+7-LTS"/>
    <property name="sun.io.unicode.encoding" value="UnicodeLittle"/>
    <property name="java.class.version" value="65.0"/>
  </properties>
  <testcase name="updateAmount" classname="invoice.Invoices.resources.InvoiceServiceImplementationTest" time="0.221">
    <system-out><![CDATA[17:03:38.265 [main] DEBUG org.dalesbred.dialect.Dialect -- Automatically detected dialect PostgreSQL.
17:03:38.341 [main] DEBUG org.dalesbred.Database -- executing query CREATE TABLE IF NOT EXISTS INVOICE (
	id int GENERATED ALWAYS AS IDENTITY,
	amount DOUBLE PRECISION,
	paid_amount DOUBLE PRECISION,
	due_date DATE,
	status varchar(15)
);
 []
17:03:38.355 [main] DEBUG org.dalesbred.Database -- executed query in 7 ms: CREATE TABLE IF NOT EXISTS INVOICE (
	id int GENERATED ALWAYS AS IDENTITY,
	amount DOUBLE PRECISION,
	paid_amount DOUBLE PRECISION,
	due_date DATE,
	status varchar(15)
);
 []
17:03:38.419 [main] DEBUG org.dalesbred.Database -- executing query INSERT INTO INVOICE(amount,paid_amount,due_date,status) VALUES (?,?,?,?) returning id [450.0, 0, 2024-11-19, PENDING]
17:03:38.442 [main] DEBUG org.dalesbred.Database -- executed query in 15 ms: INSERT INTO INVOICE(amount,paid_amount,due_date,status) VALUES (?,?,?,?) returning id [450.0, 0, 2024-11-19, PENDING]
17:03:38.531 [main] DEBUG org.dalesbred.Database -- executing query SELECT * from INVOICE WHERE id = ? [1]
17:03:38.532 [main] DEBUG org.dalesbred.Database -- executed query in 1 ms: SELECT * from INVOICE WHERE id = ? [1]
17:03:38.623 [main] DEBUG org.dalesbred.Database -- executing query UPDATE INVOICE SET paid_amount = ?, amount = ?, status = ? WHERE id = ? [100.0, 350.0, PENDING, 1]
17:03:38.624 [main] DEBUG org.dalesbred.Database -- executed query in 1 ms: UPDATE INVOICE SET paid_amount = ?, amount = ?, status = ? WHERE id = ? [100.0, 350.0, PENDING, 1]
]]></system-out>
  </testcase>
  <testcase name="addInvoice" classname="invoice.Invoices.resources.InvoiceServiceImplementationTest" time="0.069">
    <system-out><![CDATA[17:03:38.743 [main] DEBUG org.dalesbred.Database -- executing query INSERT INTO INVOICE(amount,paid_amount,due_date,status) VALUES (?,?,?,?) returning id [450.0, 0, 2024-11-19, PENDING]
17:03:38.745 [main] DEBUG org.dalesbred.Database -- executed query in 1 ms: INSERT INTO INVOICE(amount,paid_amount,due_date,status) VALUES (?,?,?,?) returning id [450.0, 0, 2024-11-19, PENDING]
]]></system-out>
  </testcase>
  <testcase name="getAllInvoices" classname="invoice.Invoices.resources.InvoiceServiceImplementationTest" time="0.237">
    <system-out><![CDATA[17:03:38.902 [main] DEBUG org.dalesbred.Database -- executing query INSERT INTO INVOICE(amount,paid_amount,due_date,status) VALUES (?,?,?,?) returning id [450.0, 0, 2024-11-19, PENDING]
17:03:38.903 [main] DEBUG org.dalesbred.Database -- executed query in 1 ms: INSERT INTO INVOICE(amount,paid_amount,due_date,status) VALUES (?,?,?,?) returning id [450.0, 0, 2024-11-19, PENDING]
17:03:38.982 [main] DEBUG org.dalesbred.Database -- executing query SELECT * FROM INVOICE []
17:03:38.983 [main] DEBUG org.dalesbred.Database -- executed query in 1 ms: SELECT * FROM INVOICE []
]]></system-out>
  </testcase>
  <testcase name="Overdue" classname="invoice.Invoices.resources.InvoiceServiceImplementationTest" time="0.508">
    <system-out><![CDATA[overdue
17:03:39.095 [main] DEBUG org.dalesbred.Database -- executing query TRUNCATE TABLE invoice RESTART IDENTITY []
17:03:39.097 [main] DEBUG org.dalesbred.Database -- executed query in 2 ms: TRUNCATE TABLE invoice RESTART IDENTITY []
17:03:39.207 [main] DEBUG org.dalesbred.Database -- executing query INSERT INTO INVOICE(amount,paid_amount,due_date,status) VALUES (?,?,?,?) returning id [450.0, 0, 2024-11-19, PENDING]
17:03:39.208 [main] DEBUG org.dalesbred.Database -- executed query in 1 ms: INSERT INTO INVOICE(amount,paid_amount,due_date,status) VALUES (?,?,?,?) returning id [450.0, 0, 2024-11-19, PENDING]
17:03:39.273 [main] DEBUG org.dalesbred.Database -- executing query SELECT * FROM INVOICE WHERE status = 'PENDING' []
17:03:39.277 [main] DEBUG org.dalesbred.Database -- executed query in 2 ms: SELECT * FROM INVOICE WHERE status = 'PENDING' []
17:03:39.385 [main] DEBUG org.dalesbred.Database -- executing query UPDATE INVOICE SET status = ? where id = ? [VOID, 1]
17:03:39.386 [main] DEBUG org.dalesbred.Database -- executed query in 1 ms: UPDATE INVOICE SET status = ? where id = ? [VOID, 1]
17:03:39.489 [main] DEBUG org.dalesbred.Database -- executing query INSERT INTO INVOICE(amount,paid_amount,due_date,status) VALUES (?,?,?,?) returning id [550.0, 0, 2024-11-29, PENDING]
17:03:39.490 [main] DEBUG org.dalesbred.Database -- executed query in 1 ms: INSERT INTO INVOICE(amount,paid_amount,due_date,status) VALUES (?,?,?,?) returning id [550.0, 0, 2024-11-29, PENDING]
1
]]></system-out>
  </testcase>
</testsuite>